  application.cpp
D:\cpp\cpp\pointclipping\pointclipping\application.cpp(96,54): warning C4244: '=': conversion from 'double' to 'int', possible loss of data
D:\cpp\cpp\pointclipping\pointclipping\application.cpp(97,54): warning C4244: '=': conversion from 'double' to 'int', possible loss of data
D:\cpp\cpp\pointclipping\pointclipping\application.cpp(106,53): warning C4244: '=': conversion from 'double' to 'int', possible loss of data
D:\cpp\cpp\pointclipping\pointclipping\application.cpp(107,53): warning C4244: '=': conversion from 'double' to 'int', possible loss of data
D:\cpp\cpp\pointclipping\pointclipping\application.cpp(127,39): warning C4244: 'argument': conversion from 'double' to 'int', possible loss of data
D:\cpp\cpp\pointclipping\pointclipping\application.cpp(127,29): warning C4244: 'argument': conversion from 'double' to 'int', possible loss of data
D:\cpp\cpp\pointclipping\pointclipping\application.cpp(153,88): warning C4244: 'argument': conversion from 'double' to 'GLfloat', possible loss of data
D:\cpp\cpp\pointclipping\pointclipping\application.cpp(153,49): warning C4244: 'argument': conversion from 'double' to 'GLfloat', possible loss of data
D:\cpp\cpp\pointclipping\pointclipping\application.cpp(154,88): warning C4244: 'argument': conversion from 'double' to 'GLfloat', possible loss of data
D:\cpp\cpp\pointclipping\pointclipping\application.cpp(154,49): warning C4244: 'argument': conversion from 'double' to 'GLfloat', possible loss of data
D:\cpp\cpp\pointclipping\pointclipping\application.cpp(156,88): warning C4244: 'argument': conversion from 'double' to 'GLfloat', possible loss of data
D:\cpp\cpp\pointclipping\pointclipping\application.cpp(156,49): warning C4244: 'argument': conversion from 'double' to 'GLfloat', possible loss of data
D:\cpp\cpp\pointclipping\pointclipping\application.cpp(157,88): warning C4244: 'argument': conversion from 'double' to 'GLfloat', possible loss of data
D:\cpp\cpp\pointclipping\pointclipping\application.cpp(157,49): warning C4244: 'argument': conversion from 'double' to 'GLfloat', possible loss of data
D:\cpp\cpp\pointclipping\pointclipping\application.cpp(159,88): warning C4244: 'argument': conversion from 'double' to 'GLfloat', possible loss of data
D:\cpp\cpp\pointclipping\pointclipping\application.cpp(159,49): warning C4244: 'argument': conversion from 'double' to 'GLfloat', possible loss of data
D:\cpp\cpp\pointclipping\pointclipping\application.cpp(160,88): warning C4244: 'argument': conversion from 'double' to 'GLfloat', possible loss of data
D:\cpp\cpp\pointclipping\pointclipping\application.cpp(160,49): warning C4244: 'argument': conversion from 'double' to 'GLfloat', possible loss of data
D:\cpp\cpp\pointclipping\pointclipping\application.cpp(162,88): warning C4244: 'argument': conversion from 'double' to 'GLfloat', possible loss of data
D:\cpp\cpp\pointclipping\pointclipping\application.cpp(162,49): warning C4244: 'argument': conversion from 'double' to 'GLfloat', possible loss of data
D:\cpp\cpp\pointclipping\pointclipping\application.cpp(163,88): warning C4244: 'argument': conversion from 'double' to 'GLfloat', possible loss of data
D:\cpp\cpp\pointclipping\pointclipping\application.cpp(163,49): warning C4244: 'argument': conversion from 'double' to 'GLfloat', possible loss of data
D:\cpp\cpp\pointclipping\pointclipping\application.cpp(173,27): warning C4018: '<': signed/unsigned mismatch
D:\cpp\cpp\pointclipping\pointclipping\application.cpp(175,88): warning C4244: 'argument': conversion from 'double' to 'GLfloat', possible loss of data
D:\cpp\cpp\pointclipping\pointclipping\application.cpp(175,55): warning C4244: 'argument': conversion from 'double' to 'GLfloat', possible loss of data
D:\cpp\cpp\pointclipping\pointclipping\application.cpp(205,12): warning C4244: 'initializing': conversion from 'double' to 'int', possible loss of data
D:\cpp\cpp\pointclipping\pointclipping\application.cpp(205,38): warning C4244: 'initializing': conversion from 'double' to 'int', possible loss of data
D:\cpp\cpp\pointclipping\pointclipping\application.cpp(206,12): warning C4244: 'initializing': conversion from 'double' to 'int', possible loss of data
D:\cpp\cpp\pointclipping\pointclipping\application.cpp(206,38): warning C4244: 'initializing': conversion from 'double' to 'int', possible loss of data
D:\cpp\cpp\pointclipping\pointclipping\application.cpp(209,60): warning C4244: 'argument': conversion from 'double' to 'GLfloat', possible loss of data
D:\cpp\cpp\pointclipping\pointclipping\application.cpp(209,35): warning C4244: 'argument': conversion from 'double' to 'GLfloat', possible loss of data
D:\cpp\cpp\pointclipping\pointclipping\application.cpp(210,60): warning C4244: 'argument': conversion from 'double' to 'GLfloat', possible loss of data
D:\cpp\cpp\pointclipping\pointclipping\application.cpp(210,35): warning C4244: 'argument': conversion from 'double' to 'GLfloat', possible loss of data
  imgui.cpp
  imgui_demo.cpp
  imgui_draw.cpp
  imgui_impl_glfw.cpp
  imgui_impl_opengl3.cpp
  imgui_widgets.cpp
  second.cpp
D:\cpp\cpp\pointclipping\pointclipping\second.cpp(11,35): warning C4244: 'argument': conversion from 'double' to 'const unsigned int', possible loss of data
D:\cpp\cpp\pointclipping\pointclipping\second.cpp(28,8): warning C4244: 'initializing': conversion from 'double' to 'int', possible loss of data
D:\cpp\cpp\pointclipping\pointclipping\second.cpp(31,41): warning C4554: '<<': check operator precedence for possible error; use parentheses to clarify precedence
D:\cpp\cpp\pointclipping\pointclipping\second.cpp(49,39): warning C4244: 'argument': conversion from 'double' to 'const unsigned int', possible loss of data
D:\cpp\cpp\pointclipping\pointclipping\second.cpp(50,16): warning C4244: '=': conversion from 'double' to '_Ty', possible loss of data
          with
          [
              _Ty=int
          ]
D:\cpp\cpp\pointclipping\pointclipping\second.cpp(51,16): warning C4244: '=': conversion from 'double' to '_Ty', possible loss of data
          with
          [
              _Ty=int
          ]
D:\cpp\cpp\pointclipping\pointclipping\second.cpp(63,21): warning C4244: '=': conversion from 'double' to '_Ty', possible loss of data
          with
          [
              _Ty=int
          ]
D:\cpp\cpp\pointclipping\pointclipping\second.cpp(64,21): warning C4244: '=': conversion from 'double' to '_Ty', possible loss of data
          with
          [
              _Ty=int
          ]
D:\cpp\cpp\pointclipping\pointclipping\second.cpp(70,39): warning C4244: 'argument': conversion from 'double' to 'const unsigned int', possible loss of data
D:\cpp\cpp\pointclipping\pointclipping\second.cpp(71,16): warning C4244: '=': conversion from 'double' to '_Ty', possible loss of data
          with
          [
              _Ty=int
          ]
D:\cpp\cpp\pointclipping\pointclipping\second.cpp(72,16): warning C4244: '=': conversion from 'double' to '_Ty', possible loss of data
          with
          [
              _Ty=int
          ]
D:\cpp\cpp\pointclipping\pointclipping\second.cpp(84,21): warning C4244: '=': conversion from 'double' to '_Ty', possible loss of data
          with
          [
              _Ty=int
          ]
D:\cpp\cpp\pointclipping\pointclipping\second.cpp(85,21): warning C4244: '=': conversion from 'double' to '_Ty', possible loss of data
          with
          [
              _Ty=int
          ]
D:\cpp\cpp\pointclipping\pointclipping\second.cpp(99,34): warning C4244: 'argument': conversion from 'double' to 'const unsigned int', possible loss of data
D:\cpp\cpp\pointclipping\pointclipping\second.cpp(100,16): warning C4244: '=': conversion from 'double' to '_Ty', possible loss of data
          with
          [
              _Ty=int
          ]
D:\cpp\cpp\pointclipping\pointclipping\second.cpp(101,16): warning C4244: '=': conversion from 'double' to '_Ty', possible loss of data
          with
          [
              _Ty=int
          ]
D:\cpp\cpp\pointclipping\pointclipping\second.cpp(110,21): warning C4244: '=': conversion from 'double' to '_Ty', possible loss of data
          with
          [
              _Ty=int
          ]
D:\cpp\cpp\pointclipping\pointclipping\second.cpp(111,21): warning C4244: '=': conversion from 'double' to '_Ty', possible loss of data
          with
          [
              _Ty=int
          ]
D:\cpp\cpp\pointclipping\pointclipping\second.cpp(121,34): warning C4244: 'argument': conversion from 'double' to 'const unsigned int', possible loss of data
D:\cpp\cpp\pointclipping\pointclipping\second.cpp(122,16): warning C4244: '=': conversion from 'double' to '_Ty', possible loss of data
          with
          [
              _Ty=int
          ]
D:\cpp\cpp\pointclipping\pointclipping\second.cpp(123,16): warning C4244: '=': conversion from 'double' to '_Ty', possible loss of data
          with
          [
              _Ty=int
          ]
D:\cpp\cpp\pointclipping\pointclipping\second.cpp(132,21): warning C4244: '=': conversion from 'double' to '_Ty', possible loss of data
          with
          [
              _Ty=int
          ]
D:\cpp\cpp\pointclipping\pointclipping\second.cpp(133,21): warning C4244: '=': conversion from 'double' to '_Ty', possible loss of data
          with
          [
              _Ty=int
          ]
  Generating Code...
LINK : warning LNK4098: defaultlib 'LIBCMT' conflicts with use of other libs; use /NODEFAULTLIB:library
LINK : warning LNK4098: defaultlib 'MSVCRT' conflicts with use of other libs; use /NODEFAULTLIB:library
glew32s.lib(glew.obj) : warning LNK4099: PDB 'vc120.pdb' was not found with 'glew32s.lib(glew.obj)' or at 'D:\cpp\cpp\pointclipping\Debug\vc120.pdb'; linking object as if no debug info
  pointclipping.vcxproj -> D:\cpp\cpp\pointclipping\Debug\pointclipping.exe
