  imgui.cpp
  imgui_demo.cpp
  imgui_draw.cpp
  imgui_impl_glfw.cpp
  imgui_impl_opengl3.cpp
  imgui_widgets.cpp
  Source.cpp
D:\cpp\cpp\CurvePlotting\CurvePlotting\Source.cpp(54,47): warning C4244: 'argument': conversion from 'double' to 'GLfloat', possible loss of data
D:\cpp\cpp\CurvePlotting\CurvePlotting\Source.cpp(54,27): warning C4244: 'argument': conversion from 'double' to 'GLfloat', possible loss of data
D:\cpp\cpp\CurvePlotting\CurvePlotting\Source.cpp(82,32): warning C4244: 'argument': conversion from 'double' to 'int', possible loss of data
D:\cpp\cpp\CurvePlotting\CurvePlotting\Source.cpp(82,29): warning C4244: 'argument': conversion from 'double' to 'int', possible loss of data
D:\cpp\cpp\CurvePlotting\CurvePlotting\Source.cpp(84,32): warning C4244: '=': conversion from 'double' to 'int', possible loss of data
D:\cpp\cpp\CurvePlotting\CurvePlotting\Source.cpp(85,32): warning C4244: '=': conversion from 'double' to 'int', possible loss of data
D:\cpp\cpp\CurvePlotting\CurvePlotting\Source.cpp(91,39): warning C4244: '=': conversion from 'double' to 'int', possible loss of data
D:\cpp\cpp\CurvePlotting\CurvePlotting\Source.cpp(92,39): warning C4244: '=': conversion from 'double' to 'int', possible loss of data
D:\cpp\cpp\CurvePlotting\CurvePlotting\Source.cpp(94,27): warning C4244: 'argument': conversion from 'double' to 'int', possible loss of data
D:\cpp\cpp\CurvePlotting\CurvePlotting\Source.cpp(94,24): warning C4244: 'argument': conversion from 'double' to 'int', possible loss of data
D:\cpp\cpp\CurvePlotting\CurvePlotting\Source.cpp(113,39): warning C4244: '=': conversion from 'double' to 'int', possible loss of data
D:\cpp\cpp\CurvePlotting\CurvePlotting\Source.cpp(114,39): warning C4244: '=': conversion from 'double' to 'int', possible loss of data
D:\cpp\cpp\CurvePlotting\CurvePlotting\Source.cpp(125,27): warning C4244: 'argument': conversion from 'double' to 'int', possible loss of data
D:\cpp\cpp\CurvePlotting\CurvePlotting\Source.cpp(125,24): warning C4244: 'argument': conversion from 'double' to 'int', possible loss of data
D:\cpp\cpp\CurvePlotting\CurvePlotting\Source.cpp(160,53): warning C4244: 'argument': conversion from 'double' to 'GLfloat', possible loss of data
D:\cpp\cpp\CurvePlotting\CurvePlotting\Source.cpp(160,32): warning C4244: 'argument': conversion from 'double' to 'GLfloat', possible loss of data
D:\cpp\cpp\CurvePlotting\CurvePlotting\Source.cpp(161,53): warning C4244: 'argument': conversion from 'double' to 'GLfloat', possible loss of data
D:\cpp\cpp\CurvePlotting\CurvePlotting\Source.cpp(161,32): warning C4244: 'argument': conversion from 'double' to 'GLfloat', possible loss of data
D:\cpp\cpp\CurvePlotting\CurvePlotting\Source.cpp(218,53): warning C4244: 'argument': conversion from 'double' to 'GLfloat', possible loss of data
D:\cpp\cpp\CurvePlotting\CurvePlotting\Source.cpp(218,32): warning C4244: 'argument': conversion from 'double' to 'GLfloat', possible loss of data
D:\cpp\cpp\CurvePlotting\CurvePlotting\Source.cpp(219,53): warning C4244: 'argument': conversion from 'double' to 'GLfloat', possible loss of data
D:\cpp\cpp\CurvePlotting\CurvePlotting\Source.cpp(219,32): warning C4244: 'argument': conversion from 'double' to 'GLfloat', possible loss of data
  Generating Code...
LINK : warning LNK4098: defaultlib 'LIBCMT' conflicts with use of other libs; use /NODEFAULTLIB:library
LINK : warning LNK4098: defaultlib 'MSVCRT' conflicts with use of other libs; use /NODEFAULTLIB:library
glew32s.lib(glew.obj) : warning LNK4099: PDB 'vc120.pdb' was not found with 'glew32s.lib(glew.obj)' or at 'D:\cpp\cpp\CurvePlotting\Debug\vc120.pdb'; linking object as if no debug info
  CurvePlotting.vcxproj -> D:\cpp\cpp\CurvePlotting\Debug\CurvePlotting.exe
