  CircleDrawing.cpp
D:\cpp\cpp\CircleDrawing\circleDrawing\circleDrawing\CircleDrawing.cpp(13,15): warning C4244: '=': conversion from 'double' to 'int', possible loss of data
D:\cpp\cpp\CircleDrawing\circleDrawing\circleDrawing\CircleDrawing.cpp(54,20): warning C4018: '<': signed/unsigned mismatch
D:\cpp\cpp\CircleDrawing\circleDrawing\circleDrawing\CircleDrawing.cpp(58,20): warning C4018: '<': signed/unsigned mismatch
D:\cpp\cpp\CircleDrawing\circleDrawing\circleDrawing\CircleDrawing.cpp(78,21): warning C4018: '<': signed/unsigned mismatch
  imgui.cpp
  imgui_demo.cpp
  imgui_draw.cpp
  imgui_impl_glfw.cpp
  imgui_impl_opengl3.cpp
  imgui_widgets.cpp
  second.cpp
D:\cpp\cpp\CircleDrawing\circleDrawing\circleDrawing\second.cpp(12,35): warning C4244: 'argument': conversion from 'double' to 'const unsigned int', possible loss of data
D:\cpp\cpp\CircleDrawing\circleDrawing\circleDrawing\second.cpp(29,8): warning C4244: 'initializing': conversion from 'double' to 'int', possible loss of data
D:\cpp\cpp\CircleDrawing\circleDrawing\circleDrawing\second.cpp(32,41): warning C4554: '<<': check operator precedence for possible error; use parentheses to clarify precedence
D:\cpp\cpp\CircleDrawing\circleDrawing\circleDrawing\second.cpp(50,42): warning C4244: 'argument': conversion from 'double' to 'const unsigned int', possible loss of data
D:\cpp\cpp\CircleDrawing\circleDrawing\circleDrawing\second.cpp(71,42): warning C4244: 'argument': conversion from 'double' to 'const unsigned int', possible loss of data
D:\cpp\cpp\CircleDrawing\circleDrawing\circleDrawing\second.cpp(100,37): warning C4244: 'argument': conversion from 'double' to 'const unsigned int', possible loss of data
D:\cpp\cpp\CircleDrawing\circleDrawing\circleDrawing\second.cpp(122,37): warning C4244: 'argument': conversion from 'double' to 'const unsigned int', possible loss of data
  Source1.cpp
D:\cpp\cpp\CircleDrawing\circleDrawing\circleDrawing\Source1.cpp(111,29): warning C4244: 'argument': conversion from 'double' to 'int', possible loss of data
D:\cpp\cpp\CircleDrawing\circleDrawing\circleDrawing\Source1.cpp(111,26): warning C4244: 'argument': conversion from 'double' to 'int', possible loss of data
D:\cpp\cpp\CircleDrawing\circleDrawing\circleDrawing\Source1.cpp(116,31): warning C4018: '<': signed/unsigned mismatch
D:\cpp\cpp\CircleDrawing\circleDrawing\circleDrawing\Source1.cpp(136,11): warning C4244: 'initializing': conversion from 'float' to 'int', possible loss of data
D:\cpp\cpp\CircleDrawing\circleDrawing\circleDrawing\Source1.cpp(136,24): warning C4244: 'initializing': conversion from 'float' to 'int', possible loss of data
D:\cpp\cpp\CircleDrawing\circleDrawing\circleDrawing\Source1.cpp(142,29): warning C4244: 'argument': conversion from 'double' to 'float', possible loss of data
D:\cpp\cpp\CircleDrawing\circleDrawing\circleDrawing\Source1.cpp(142,73): warning C4244: 'argument': conversion from 'double' to 'float', possible loss of data
D:\cpp\cpp\CircleDrawing\circleDrawing\circleDrawing\Source1.cpp(142,118): warning C4244: 'argument': conversion from 'double' to 'float', possible loss of data
D:\cpp\cpp\CircleDrawing\circleDrawing\circleDrawing\Source1.cpp(164,19): warning C4244: 'initializing': conversion from 'double' to 'int', possible loss of data
D:\cpp\cpp\CircleDrawing\circleDrawing\circleDrawing\Source1.cpp(169,76): warning C4244: 'argument': conversion from 'double' to 'int', possible loss of data
D:\cpp\cpp\CircleDrawing\circleDrawing\circleDrawing\Source1.cpp(171,76): warning C4244: 'argument': conversion from 'double' to 'int', possible loss of data
D:\cpp\cpp\CircleDrawing\circleDrawing\circleDrawing\Source1.cpp(173,76): warning C4244: 'argument': conversion from 'double' to 'int', possible loss of data
D:\cpp\cpp\CircleDrawing\circleDrawing\circleDrawing\Source1.cpp(175,76): warning C4244: 'argument': conversion from 'double' to 'int', possible loss of data
D:\cpp\cpp\CircleDrawing\circleDrawing\circleDrawing\Source1.cpp(179,29): warning C4244: '=': conversion from 'float' to 'unsigned char', possible loss of data
D:\cpp\cpp\CircleDrawing\circleDrawing\circleDrawing\Source1.cpp(180,33): warning C4244: '=': conversion from 'float' to 'unsigned char', possible loss of data
D:\cpp\cpp\CircleDrawing\circleDrawing\circleDrawing\Source1.cpp(181,33): warning C4244: '=': conversion from 'float' to 'unsigned char', possible loss of data
D:\cpp\cpp\CircleDrawing\circleDrawing\circleDrawing\Source1.cpp(186,49): warning C4244: 'argument': conversion from 'double' to 'GLfloat', possible loss of data
D:\cpp\cpp\CircleDrawing\circleDrawing\circleDrawing\Source1.cpp(186,32): warning C4244: 'argument': conversion from 'double' to 'GLfloat', possible loss of data
D:\cpp\cpp\CircleDrawing\circleDrawing\circleDrawing\Source1.cpp(199,27): warning C4018: '<': signed/unsigned mismatch
D:\cpp\cpp\CircleDrawing\circleDrawing\circleDrawing\Source1.cpp(201,100): warning C4244: 'argument': conversion from 'double' to 'GLfloat', possible loss of data
D:\cpp\cpp\CircleDrawing\circleDrawing\circleDrawing\Source1.cpp(201,63): warning C4244: 'argument': conversion from 'double' to 'GLfloat', possible loss of data
D:\cpp\cpp\CircleDrawing\circleDrawing\circleDrawing\Source1.cpp(207,27): warning C4018: '<': signed/unsigned mismatch
D:\cpp\cpp\CircleDrawing\circleDrawing\circleDrawing\Source1.cpp(208,89): warning C4244: 'argument': conversion from 'double' to 'GLfloat', possible loss of data
D:\cpp\cpp\CircleDrawing\circleDrawing\circleDrawing\Source1.cpp(208,52): warning C4244: 'argument': conversion from 'double' to 'GLfloat', possible loss of data
D:\cpp\cpp\CircleDrawing\circleDrawing\circleDrawing\Source1.cpp(224,35): warning C4018: '<': signed/unsigned mismatch
D:\cpp\cpp\CircleDrawing\circleDrawing\circleDrawing\Source1.cpp(225,89): warning C4244: 'argument': conversion from 'double' to 'GLfloat', possible loss of data
D:\cpp\cpp\CircleDrawing\circleDrawing\circleDrawing\Source1.cpp(225,56): warning C4244: 'argument': conversion from 'double' to 'GLfloat', possible loss of data
D:\cpp\cpp\CircleDrawing\circleDrawing\circleDrawing\Source1.cpp(241,53): warning C4244: 'argument': conversion from 'double' to 'GLint', possible loss of data
D:\cpp\cpp\CircleDrawing\circleDrawing\circleDrawing\Source1.cpp(241,37): warning C4244: 'argument': conversion from 'double' to 'GLint', possible loss of data
D:\cpp\cpp\CircleDrawing\circleDrawing\circleDrawing\Source1.cpp(265,53): warning C4244: 'argument': conversion from 'double' to 'GLint', possible loss of data
D:\cpp\cpp\CircleDrawing\circleDrawing\circleDrawing\Source1.cpp(265,37): warning C4244: 'argument': conversion from 'double' to 'GLint', possible loss of data
  Generating Code...
LINK : warning LNK4098: defaultlib 'LIBCMT' conflicts with use of other libs; use /NODEFAULTLIB:library
LINK : warning LNK4098: defaultlib 'MSVCRT' conflicts with use of other libs; use /NODEFAULTLIB:library
glew32s.lib(glew.obj) : warning LNK4099: PDB 'vc120.pdb' was not found with 'glew32s.lib(glew.obj)' or at 'D:\cpp\cpp\CircleDrawing\circleDrawing\Debug\vc120.pdb'; linking object as if no debug info
  circleDrawing.vcxproj -> D:\cpp\cpp\CircleDrawing\circleDrawing\Debug\circleDrawing.exe
